<?xml version="1.0" encoding="UTF-8"?>
<!-- Generated by org.testng.reporters.JUnitReportReporter -->
<testsuite hostname="DESKTOP-6CO4DGA" failures="0" tests="4" name="TestRunner.Run" time="31.342" errors="0" timestamp="2024-08-13T17:53:17 IST" skipped="0">
  <testcase classname="TestRunner.Run" name="runScenario" time="7.054"/>
  <testcase classname="TestRunner.Run" name="runScenario" time="8.236"/>
  <testcase classname="TestRunner.Run" name="runScenario" time="9.041"/>
  <testcase classname="TestRunner.Run" name="runScenario" time="7.011"/>
</testsuite> <!-- TestRunner.Run -->
